<?xml version="1.0" encoding="UTF-8"?>
<!-- Generated by org.testng.reporters.JUnitXMLReporter -->
<testsuite ignored="2" hostname="DESKTOP-QIUO6FV" failures="0" tests="1" name="Delete Portfolio Test" time="52.89" errors="0" timestamp="2021-08-19T14:09:55 IST">
  <testcase classname="testcases.rediff.PortfolioManagement" name="deletePortfolio" time="6.309"/>
  <testcase classname="testcases.rediff.PortfolioManagement" name="selectPortFolio" time="0.0">
    <ignored/>
  </testcase> <!-- selectPortFolio -->
  <testcase classname="testcases.rediff.PortfolioManagement" name="createPortfolio" time="0.0">
    <ignored/>
  </testcase> <!-- createPortfolio -->
</testsuite> <!-- Delete Portfolio Test -->
